<?xml version="1.0" encoding="UTF-8"?>
<testsuite xmlns:xsi="http://www.w3.org/2001/XMLSchema-instance" xsi:noNamespaceSchemaLocation="https://maven.apache.org/surefire/maven-surefire-plugin/xsd/surefire-test-report-3.0.xsd" version="3.0" name="com.davivienda.CarResourceTest" time="16.384" tests="1" errors="0" skipped="0" failures="0">
  <properties>
[...]
</properties>
  <testcase name="testGetEndpoint" classname="com.davivienda.CarResourceTest" time="1.587">
    <system-out><![CDATA[2023-11-09 21:30:11,583 INFO  [io.quarkus] (main) onboarding 1.0.0-SNAPSHOT on JVM (powered by Quarkus 3.5.1) started in 8.670s. Listening on: http://localhost:8081
2023-11-09 21:30:11,585 INFO  [io.quarkus] (main) Profile test activated. 
2023-11-09 21:30:11,585 INFO  [io.quarkus] (main) Installed features: [agroal, cdi, hibernate-orm, jdbc-mysql, narayana-jta, resteasy-reactive, resteasy-reactive-jackson, smallrye-context-propagation, vertx]
]]></system-out>
  </testcase>
</testsuite>